<!-- BEGIN branching.merge -->
<screen><prompt>$</prompt> <userinput>cd ../main</userinput>
<prompt>$</prompt> <userinput>hg pull ../stable</userinput>
pulling from ../stable
searching for changes
adding changesets
adding manifests
adding file changes
added 1 changesets with 1 changes to 1 files (+1 heads)
(run 'hg heads' to see heads, 'hg merge' to merge)
<prompt>$</prompt> <userinput>hg merge</userinput>
merging myfile
0 files updated, 1 files merged, 0 files removed, 0 files unresolved
(branch merge, don't forget to commit)
<prompt>$</prompt> <userinput>hg commit -m 'Bring in bugfix from stable branch'</userinput>
<prompt>$</prompt> <userinput>cat myfile</userinput>
This is a fix to a boring feature.
This is exciting and new!
</screen>
<!-- END branching.merge -->
