<!-- BEGIN cmdref.diff-p -->
<screen><prompt>$</prompt> <userinput>echo '[diff]' &gt;&gt; $HGRC</userinput>
<prompt>$</prompt> <userinput>echo 'showfunc = False' &gt;&gt; $HGRC</userinput>
<prompt>$</prompt> <userinput>hg diff</userinput>
diff -r  myfile.c


@@ -1,4 +1,4 @@
 int myfunc()
 {
-    return 1;
+    return 10;
 }
<prompt>$</prompt> <userinput>hg diff -p</userinput>
diff -r  myfile.c


@@ -1,4 +1,4 @@
 int myfunc()
 {
-    return 1;
+    return 10;
 }
</screen>
<!-- END cmdref.diff-p -->
