<!-- BEGIN filenames.wdir-relname -->
<screen><prompt>$</prompt> <userinput>hg status</userinput>
A COPYING
A README
A examples/simple.py
? MANIFEST.in
? examples/performant.py
? setup.py
? src/main.py
? src/watcher/_watcher.c
? src/watcher/watcher.py
? src/xyzzy.txt
<prompt>$</prompt> <userinput>hg status `hg root`</userinput>
A ../COPYING
A ../README
A ../examples/simple.py
? ../MANIFEST.in
? ../examples/performant.py
? ../setup.py
? main.py
? watcher/_watcher.c
? watcher/watcher.py
? xyzzy.txt
</screen>
<!-- END filenames.wdir-relname -->
