<!-- BEGIN rename.divergent.merge -->
<screen># See http://www.selenic.com/mercurial/bts/issue455
<prompt>$</prompt> <userinput>cd ../orig</userinput>
<prompt>$</prompt> <userinput>hg pull -u ../anne</userinput>
pulling from ../anne
searching for changes
adding changesets
adding manifests
adding file changes
added 1 changesets with 1 changes to 1 files
1 files updated, 0 files merged, 1 files removed, 0 files unresolved
<prompt>$</prompt> <userinput>hg pull ../bob</userinput>
pulling from ../bob
searching for changes
adding changesets
adding manifests
adding file changes
added 1 changesets with 1 changes to 1 files (+1 heads)
(run 'hg heads' to see heads, 'hg merge' to merge)
<prompt>$</prompt> <userinput>hg merge</userinput>
warning: detected divergent renames of foo to:
 bar
 quux
1 files updated, 0 files merged, 0 files removed, 0 files unresolved
(branch merge, don't forget to commit)
<prompt>$</prompt> <userinput>ls</userinput>
bar  quux
</screen>
<!-- END rename.divergent.merge -->
