<!-- BEGIN tour.merge.cat -->
<screen><prompt>$</prompt> <userinput>cat hello.c</userinput>
/*
 * Placed in the public domain by Bryan O'Sullivan.  This program is
 * not covered by patents in the United States or other countries.
 */

#include &lt;stdio.h&gt;

int main(int argc, char **argv)
{
	printf("once more, hello.\n");
	printf("hello, world!\");
	return 0;
}
<prompt>$</prompt> <userinput>cat ../my-hello/hello.c</userinput>
/*
 * Placed in the public domain by Bryan O'Sullivan.  This program is
 * not covered by patents in the United States or other countries.
 */

#include &lt;stdio.h&gt;

int main(int argc, char **argv)
{
	printf("hello, world!\");
	printf("hello again!\n");
	return 0;
}
</screen>
<!-- END tour.merge.cat -->
